<?xml version="1.0" encoding="UTF-8"?>
<!-- Generated by org.testng.reporters.JUnitXMLReporter -->
<testsuite ignored="2" hostname="DESKTOP-RFGG51U" failures="1" tests="2" name="Test" time="49.244" errors="0" timestamp="2023-10-12T16:10:42 IST">
  <testcase classname="com.demoBlaze.testcases.LoginTest" name="loginTest" time="0.0">
    <failure type="java.lang.RuntimeException" message="org.apache.poi.openxml4j.exceptions.InvalidOperationException: Can&amp;apos;t open the specified file input stream from file: &amp;apos;.\data\TC001_LoginWithValidAndInvalid.xlsx.xlsx&amp;apos;">
      <![CDATA[java.lang.RuntimeException: org.apache.poi.openxml4j.exceptions.InvalidOperationException: Can't open the specified file input stream from file: '.\data\TC001_LoginWithValidAndInvalid.xlsx.xlsx'
at java.base/java.util.ArrayList.forEach(ArrayList.java:1511)
Caused by: org.apache.poi.openxml4j.exceptions.InvalidOperationException: Can't open the specified file input stream from file: '.\data\TC001_LoginWithValidAndInvalid.xlsx.xlsx'
at org.apache.poi.openxml4j.opc.ZipPackage.openZipEntrySourceStream(ZipPackage.java:162)
at org.apache.poi.openxml4j.opc.ZipPackage.<init>(ZipPackage.java:149)
at org.apache.poi.openxml4j.opc.ZipPackage.<init>(ZipPackage.java:123)
at org.apache.poi.openxml4j.opc.OPCPackage.open(OPCPackage.java:239)
at org.apache.poi.openxml4j.opc.OPCPackage.open(OPCPackage.java:172)
at org.apache.poi.ooxml.POIXMLDocument.openPackage(POIXMLDocument.java:89)
at org.apache.poi.xssf.usermodel.XSSFWorkbook.<init>(XSSFWorkbook.java:342)
at utils.ReadExcel.readExcel(ReadExcel.java:13)
at com.demoBlaze.testng.api.base.ProjectSpecificationMethods.fetchData(ProjectSpecificationMethods.java:31)
... 25 more
Caused by: java.io.FileNotFoundException: .\data\TC001_LoginWithValidAndInvalid.xlsx.xlsx (The system cannot find the file specified)
at java.base/java.io.FileInputStream.open0(Native Method)
at java.base/java.io.FileInputStream.open(FileInputStream.java:216)
at java.base/java.io.FileInputStream.<init>(FileInputStream.java:157)
at org.apache.poi.openxml4j.opc.ZipPackage.openZipEntrySourceStream(ZipPackage.java:159)
... 40 more
... Removed 32 stack frames]]>
    </failure>
  </testcase> <!-- loginTest -->
  <testcase classname="com.demoBlaze.testcases.ProductSelectionTest" name="loginTest" time="16.052"/>
  <testcase classname="utils.Reporter" name="@BeforeSuite startReport" time="0.0">
    <ignored/>
  </testcase> <!-- @BeforeSuite startReport -->
  <testcase classname="utils.Reporter" name="@AfterSuite endReport" time="0.0">
    <ignored/>
  </testcase> <!-- @AfterSuite endReport -->
</testsuite> <!-- Test -->
