<?xml version="1.0" encoding="UTF-8"?>
<!-- Generated by org.testng.reporters.JUnitXMLReporter -->
<testsuite hostname="DESKTOP-RFGG51U" ignored="0" name="Test(failed)" tests="1" failures="1" timestamp="2023-06-16T13:04:07 IST" time="14.31" errors="0">
  <testcase name="main" time="1.259" classname="com.demoBlaze.testcases.LoginTest">
    <failure type="java.lang.NullPointerException">
      <![CDATA[java.lang.NullPointerException
at utils.Reporter.reportStep(Reporter.java:54)
at utils.Reporter.reportStep(Reporter.java:61)
at com.demoBlaze.selenium.api.base.SeleniumBase.click(SeleniumBase.java:65)
at com.demoBlaze.pages.LogIn.clickLogin(LogIn.java:22)
at com.demoBlaze.testcases.LoginTest.main(LoginTest.java:24)
at java.util.ArrayList.forEach(ArrayList.java:1259)
... Removed 27 stack frames]]>
    </failure>
  </testcase> <!-- main -->
</testsuite> <!-- Test(failed) -->
